<?xml version="1.0"?>
<testsuites>
  <testsuite name="PhantomJS 1.9.7 (Mac OS X)" package="" timestamp="2014-09-02T09:58:22" id="0" hostname="INjaideepk.local">
    <properties>
      <property name="browser.fullName" value="Mozilla/5.0 (Macintosh; Intel Mac OS X) AppleWebKit/534.34 (KHTML, like Gecko) PhantomJS/1.9.7 Safari/534.34"/>
    </properties>
  </testsuite>
  <testsuite name="PhantomJS 1.9.7 (Mac OS X)" package="" timestamp="2014-09-02T09:58:23" id="0" hostname="INjaideepk.local" tests="1" errors="1" failures="1" time="0.008">
    <properties>
      <property name="browser.fullName" value="Mozilla/5.0 (Macintosh; Intel Mac OS X) AppleWebKit/534.34 (KHTML, like Gecko) PhantomJS/1.9.7 Safari/534.34"/>
    </properties>
    <testcase name="should contain video-url randomly choosen from the list of video urls" time="0.008" classname="PhantomJS 1.9.7 (Mac OS X).SplashScreenController Specs">
      <failure type="">ReferenceError: Can&apos;t find variable: createPollController
    at /Users/jaideepk/Documents/My_Stuff/Project/Ajab-Shahar-TW/AjabShahar/public/test/js/unit/Introduction/splashScreens/splashScreenControllerSpec.js:12
    at invoke (/Users/jaideepk/Documents/My_Stuff/Project/Ajab-Shahar-TW/AjabShahar/public/js/lib/angular/angular.js:3966)
    at workFn (/Users/jaideepk/Documents/My_Stuff/Project/Ajab-Shahar-TW/AjabShahar/public/js/lib/angular-mocks/angular-mocks.js:2159)
    at /Users/jaideepk/Documents/My_Stuff/Project/Ajab-Shahar-TW/AjabShahar/node_modules/karma-jasmine/lib/boot.js:117
    at /Users/jaideepk/Documents/My_Stuff/Project/Ajab-Shahar-TW/AjabShahar/node_modules/karma-jasmine/lib/adapter.js:171
    at http://localhost:9881/karma.js:189
    at http://localhost:9881/context.html:53
undefined
</failure>
      <failure type="">ReferenceError: Can&apos;t find variable: sampleResponse
    at /Users/jaideepk/Documents/My_Stuff/Project/Ajab-Shahar-TW/AjabShahar/public/test/js/unit/Introduction/splashScreens/splashScreenControllerSpec.js:24
    at /Users/jaideepk/Documents/My_Stuff/Project/Ajab-Shahar-TW/AjabShahar/node_modules/karma-jasmine/lib/boot.js:117
    at /Users/jaideepk/Documents/My_Stuff/Project/Ajab-Shahar-TW/AjabShahar/node_modules/karma-jasmine/lib/adapter.js:171
    at http://localhost:9881/karma.js:189
    at http://localhost:9881/context.html:53
</failure>
    </testcase>
    <system-out><![CDATA[
]]></system-out>
    <system-err/>
  </testsuite>
</testsuites>
